============================================================
СТАТИСТИЧЕСКИЙ ОТЧЕТ ПО ВЫБОРКЕ (n = 198)
============================================================

[ЗАДАНИЕ 7] ВЫБОРОЧНЫЕ ХАРАКТЕРИСТИКИ
1. Сумма X = 595.8930
2. Среднее (X_cp) = ΣX / n = 595.8930 / 198 = 3.0096
3. Сумма X^2 = 2772.5383
4. Среднее квадратов (X^2_cp) = ΣX^2 / n = 14.0027
5. Дисперсия (S^2) = X^2_cp - (X_cp)^2 = 14.0027 - (3.0096)^2 = 4.9453
6. Ср.кв.отклонение (S) = √S^2 = 2.2238
7. Медиана (x_med): 2.4475
8. Асимметрия (As = m3 / S^3): 1.4121
9. Эксцесс (Ex = m4 / S^4 - 3): 2.3585

[ЗАДАНИЕ 8] ПРОВЕРКА СЛУЧАЙНОСТИ (Критерий серий)
1. Число элементов > медианы (n1) = 99
2. Число элементов < медианы (n2) = 99
3. Количество серий (KS) = 93
4. M[KS] = (2*n1*n2)/(n1+n2) + 1 = 100.0000
5. σ[KS] = √[ (2n1n2(2n1n2-n1-n2)) / ((n1+n2)^2 * (n1+n2-1)) ] = 7.0177
6. Z_выч = (KS - M[KS] ± 0.5) / σ[KS] = -1.0687
7. Критическое Z_крит (α=0.05) = 1.96
ВЫВОД: Случайна (т.к. |Z| < 1.96)

============================================================
[ЗАДАНИЕ 9] ОЦЕНКА МАКСИМАЛЬНОГО ПРАВДОПОДОБИЯ (ОМП)
============================================================

Гипотетическое распределение F4:
  Плотность: f(x; θ) = 2x / θ²,  при 0 ≤ x ≤ θ
  Неизвестный параметр: θ > 0

--- Вывод ОМП для параметра θ ---

1. Функция правдоподобия для выборки x₁, x₂, ..., xₙ:
   L(θ) = ∏ᵢ f(xᵢ; θ) = ∏ᵢ (2xᵢ / θ²)
   L(θ) = (2ⁿ · ∏ᵢxᵢ) / θ^(2n)
   при условии: θ ≥ max(xᵢ) (иначе L(θ) = 0)

2. Логарифм функции правдоподобия:
   ln L(θ) = n·ln(2) + Σᵢln(xᵢ) - 2n·ln(θ)

3. Производная по θ:
   d[ln L(θ)]/dθ = -2n / θ
   Производная < 0 для всех θ > 0
   => ln L(θ) монотонно убывает по θ

4. Анализ максимума:
   - L(θ) = 0 при θ < max(xᵢ) (плотность не определена)
   - L(θ) убывает при θ ≥ max(xᵢ)
   - Максимум достигается при минимальном допустимом θ

5. ВЫВОД: ОМП для θ:
   θ̂ = max(x₁, x₂, ..., xₙ) = X₍ₙ₎

--- Численный расчет ---
   Минимальное значение выборки: min(X) = 0.0220
   Максимальное значение выборки: max(X) = 11.7090

   ═══════════════════════════════════════
   ОМП параметра θ:  θ̂ = 11.7090
   ═══════════════════════════════════════

   Проверка: ln L(θ̂) = -676.4070

[ЗАДАНИЕ 10] КРИТЕРИЙ ХИ-КВАДРАТ (α=0.1, Распределение F4)
Используется ОМП: θ̂ = 11.7090
Формула плотности: f(x) = 2x / 11.7090²
Число интервалов (по Стёрджесу): k = [log₂(198)] + 1 = 8

Интервал             | n_выб  | p_i      | n_теор   | (n-n_т)²/n_т
---------------------------------------------------------------------------
[ 0.00;  1.46) |     58 |   0.0156 |     3.09 |     974.4473
[ 1.46;  2.93) |     60 |   0.0469 |     9.28 |     277.1600
[ 2.93;  4.39) |     34 |   0.0781 |    15.47 |      22.2001
[ 4.39;  5.85) |     26 |   0.1094 |    21.66 |       0.8713
[ 5.85;  7.32) |     10 |   0.1406 |    27.84 |      11.4352
[ 7.32;  8.78) |      5 |   0.1719 |    34.03 |      24.7659
[ 8.78; 10.25) |      2 |   0.2031 |    40.22 |      36.3182
[10.25; 11.71) |      3 |   0.2344 |    46.41 |      40.6002
---------------------------------------------------------------------------
1. Хи-квадрат выч = Σ[...] = 1387.7981
2. Степени свободы ν = k - r - 1 = 8 - 1 - 1 = 6
3. Для α=0.1 и ν=6 найди χ²_крит в таблице 5

============================================================
[ЗАДАНИЕ 11] ГРАФИК ПЛОТНОСТИ И ГИСТОГРАММЫ
============================================================

Параметры построения:
  - Число интервалов гистограммы: k = 8
  - ОМП параметра θ: θ̂ = 11.7090
  - Плотность: f(x) = 2x / θ̂² = 2x / 137.1007

-> График успешно сохранен в `histogram.png`
   На графике отображены:
   - Гистограмма (эмпирическая плотность)
   - Теоретическая плотность F4 с подставленной ОМП θ̂
   - Вертикальная линия в точке ОМП

[ЗАДАНИЕ 12] ОДНОРОДНОСТЬ (Критерий Манна-Уитни)
1. Выборка разделена на две части: n1 = 99, n2 = 99
2. Статистика U (число инверсий) = 4067.0
3. M[U] = (n1*n2)/2 = 4900.50
4. σ[U] = √[ (n1*n2*(n1+n2+1))/12 ] = 403.1541
5. Z_выч = (U - M[U]) / σ[U] = -2.0674
6. Критическое Z_крит (α=0.01, двустороннее) = 2.57
ВЫВОД: Однородны (т.к. |Z| < 2.57)

============================================================
ОТЧЕТ ЗАВЕРШЕН
============================================================
